Using pre-set license
Pro License: NO

 COMMAND LINE ARGUMENTS:
/Applications/Unity/Hub/Editor/2021.1.17f1/Unity.app/Contents/MacOS/Unity
-adb2
-batchMode
-noUpm
-name
AssetImportWorker0
-projectPath
/Users/teacher/Documents/GitHub/2DPlatformer_Tavle_Base
-logFile
Logs/AssetImportWorker0.log
-srvPort
49520
Successfully changed project path to: /Users/teacher/Documents/GitHub/2DPlatformer_Tavle_Base
/Users/teacher/Documents/GitHub/2DPlatformer_Tavle_Base
Using Asset Import Pipeline V2.
Refreshing native plugins compatible for Editor in 179.13 ms, found 5 plugins.
Preloading 0 native plugins for Editor in 0.00 ms.
Initialize engine version: 2021.1.17f1 (03b40fe07a36)
[Subsystems] Discovering subsystems at path /Applications/Unity/Hub/Editor/2021.1.17f1/Unity.app/Contents/Resources/UnitySubsystems
[Subsystems] Discovering subsystems at path /Users/teacher/Documents/GitHub/2DPlatformer_Tavle_Base/Assets
GfxDevice: creating device client; threaded=0; jobified=0
2021-10-19 11:25:30.718 Unity[2355:1929287] iMac preferred device: AMD Radeon Pro Vega 56 (high power)
2021-10-19 11:25:30.718 Unity[2355:1929287] Metal devices available: 1
2021-10-19 11:25:30.718 Unity[2355:1929287] 0: AMD Radeon Pro Vega 56 (high power)
2021-10-19 11:25:30.718 Unity[2355:1929287] Forcing user selected device: AMD Radeon Pro Vega 56 (high power)
Initializing Metal device caps: AMD Radeon Pro Vega 56
Initialize mono
Mono path[0] = '/Applications/Unity/Hub/Editor/2021.1.17f1/Unity.app/Contents/Managed'
Mono path[1] = '/Applications/Unity/Hub/Editor/2021.1.17f1/Unity.app/Contents/MonoBleedingEdge/lib/mono/unityjit'
Mono config path = '/Applications/Unity/Hub/Editor/2021.1.17f1/Unity.app/Contents/MonoBleedingEdge/etc'
Using monoOptions --debugger-agent=transport=dt_socket,embedding=1,server=y,suspend=n,address=127.0.0.1:56355
Begin MonoManager ReloadAssembly
Registering precompiled unity dll's ...
Register platform support module: /Applications/Unity/Hub/Editor/2021.1.17f1/PlaybackEngines/WebGLSupport/UnityEditor.WebGL.Extensions.dll
Register platform support module: /Applications/Unity/Hub/Editor/2021.1.17f1/Unity.app/Contents/PlaybackEngines/MacStandaloneSupport/UnityEditor.OSXStandalone.Extensions.dll
Register platform support module: /Applications/Unity/Hub/Editor/2021.1.17f1/PlaybackEngines/WindowsStandaloneSupport/UnityEditor.WindowsStandalone.Extensions.dll
Registered in 0.002379 seconds.
Native extension for WindowsStandalone target not found
Native extension for OSXStandalone target not found
Native extension for WebGL target not found
Refreshing native plugins compatible for Editor in 151.83 ms, found 5 plugins.
Preloading 0 native plugins for Editor in 0.00 ms.
Mono: successfully reloaded assembly
- Completed reload, in  3.632 seconds
Domain Reload Profiling:
	ReloadAssembly (3632ms)
		BeginReloadAssembly (80ms)
			ExecutionOrderSort (0ms)
			DisableScriptedObjects (0ms)
			BackupInstance (0ms)
			ReleaseScriptingObjects (0ms)
			CreateAndSetChildDomain (1ms)
		EndReloadAssembly (644ms)
			LoadAssemblies (81ms)
			RebuildTransferFunctionScriptingTraits (0ms)
			SetupTypeCache (228ms)
			ReleaseScriptCaches (0ms)
			RebuildScriptCaches (41ms)
			SetupLoadedEditorAssemblies (323ms)
				LogAssemblyErrors (0ms)
				InitializePlatformSupportModulesInManaged (8ms)
				SetLoadedEditorAssemblies (0ms)
				RefreshPlugins (152ms)
				BeforeProcessingInitializeOnLoad (2ms)
				ProcessInitializeOnLoadAttributes (127ms)
				ProcessInitializeOnLoadMethodAttributes (34ms)
				AfterProcessingInitializeOnLoad (0ms)
				EditorAssembliesLoaded (0ms)
			ExecutionOrderSort2 (0ms)
			AwakeInstancesAfterBackupRestoration (0ms)
Platform modules already initialized, skipping
Registering precompiled user dll's ...
Registered in 0.008490 seconds.
Begin MonoManager ReloadAssembly
Symbol file LoadedFromMemory doesn't match image /Users/teacher/Documents/GitHub/2DPlatformer_Tavle_Base/Library/PackageCache/com.unity.visualscripting@1.6.1/Editor/VisualScripting.Core/Dependencies/DotNetZip/Unity.VisualScripting.IonicZip.dll
Symbol file LoadedFromMemory doesn't match image /Users/teacher/Documents/GitHub/2DPlatformer_Tavle_Base/Library/PackageCache/com.unity.visualscripting@1.6.1/Editor/VisualScripting.Core/Dependencies/YamlDotNet/Unity.VisualScripting.YamlDotNet.dll
Native extension for WindowsStandalone target not found
Native extension for OSXStandalone target not found
Native extension for WebGL target not found
Refreshing native plugins compatible for Editor in 149.89 ms, found 5 plugins.
Preloading 0 native plugins for Editor in 0.00 ms.
Mono: successfully reloaded assembly
- Completed reload, in  1.918 seconds
Domain Reload Profiling:
	ReloadAssembly (1918ms)
		BeginReloadAssembly (201ms)
			ExecutionOrderSort (0ms)
			DisableScriptedObjects (5ms)
			BackupInstance (0ms)
			ReleaseScriptingObjects (0ms)
			CreateAndSetChildDomain (43ms)
		EndReloadAssembly (1645ms)
			LoadAssemblies (142ms)
			RebuildTransferFunctionScriptingTraits (0ms)
			SetupTypeCache (574ms)
			ReleaseScriptCaches (1ms)
			RebuildScriptCaches (93ms)
			SetupLoadedEditorAssemblies (717ms)
				LogAssemblyErrors (0ms)
				InitializePlatformSupportModulesInManaged (5ms)
				SetLoadedEditorAssemblies (0ms)
				RefreshPlugins (150ms)
				BeforeProcessingInitializeOnLoad (114ms)
				ProcessInitializeOnLoadAttributes (425ms)
				ProcessInitializeOnLoadMethodAttributes (21ms)
				AfterProcessingInitializeOnLoad (1ms)
				EditorAssembliesLoaded (0ms)
			ExecutionOrderSort2 (0ms)
			AwakeInstancesAfterBackupRestoration (7ms)
Platform modules already initialized, skipping
========================================================================
Worker process is ready to serve import requests
Launching external process: /Applications/Unity/Hub/Editor/2021.1.17f1/Unity.app/Contents/Tools/UnityShaderCompiler
Launched and connected shader compiler UnityShaderCompiler after 0.03 seconds
Refreshing native plugins compatible for Editor in 1.57 ms, found 5 plugins.
Preloading 0 native plugins for Editor in 0.00 ms.
Unloading 5416 Unused Serialized files (Serialized files now loaded: 0)
System memory in use before: 342.5 MB.
System memory in use after: 342.9 MB.

Unloading 90 unused Assets to reduce memory usage. Loaded Objects now: 5811.
Total: 6.424743 ms (FindLiveObjects: 0.540836 ms CreateObjectMapping: 0.445283 ms MarkObjects: 5.326593 ms  DeleteObjects: 0.111062 ms)

AssetImportParameters requested are different than current active one (requested -> active):
  custom:video-decoder-ogg-theora: a1e56fd34408186e4bbccfd4996cb3dc -> 
  custom:container-muxer-webm: aa71ff27fc2769a1b78a27578f13a17b -> 
  custom:container-demuxer-webm: 4f35f7cbe854078d1ac9338744f61a02 -> 
  custom:container-demuxer-ogg: 62fdf1f143b41e24485cea50d1cbac27 -> 
  custom:video-encoder-webm-vp8: eb34c28f22e8b96e1ab97ce403110664 -> 
  custom:framework-osx-AVFoundation: e770b220cccbd017edd2c1fefb359320 -> 
  custom:video-decoder-webm-vp8: 9c59270c3fd7afecdb556c50c9e8de78 -> 
  custom:audio-decoder-ogg-vorbis: bf7c407c2cedff20999df2af8eb42d56 -> 
  custom:audio-encoder-webm-vorbis: bf7c407c2cedff20999df2af8eb42d56 -> 
========================================================================
Received Import Request.
  path: Assets/Prefabs/Player.prefab
  artifactKey: Guid(31be716c02d9043ecaf513d6d60b7214) Importer(815301076,1909f56bfc062723c751e8b465ee728b)
Start importing Assets/Prefabs/Player.prefab using Guid(31be716c02d9043ecaf513d6d60b7214) Importer(815301076,1909f56bfc062723c751e8b465ee728b)  -> (artifact id: '94259bb41e0d5d6be1ee0ed9a234865c') in 1.402326 seconds 
========================================================================
Received Import Request.
  Time since last request: 15.860394 seconds.
  path: Assets/Scripts/PlayerScripts/PlayerParticles 2.cs
  artifactKey: Guid(fea2a656bf45646b199d43b41c353f72) Importer(815301076,1909f56bfc062723c751e8b465ee728b)
Start importing Assets/Scripts/PlayerScripts/PlayerParticles 2.cs using Guid(fea2a656bf45646b199d43b41c353f72) Importer(815301076,1909f56bfc062723c751e8b465ee728b)  -> (artifact id: '28f0881e3b7a3ad4b78ee2c0c3f2673c') in 0.314626 seconds 
========================================================================
Received Import Request.
  Time since last request: 1.323509 seconds.
  path: Assets/Scripts/PlayerScripts/PlayerParticles.cs
  artifactKey: Guid(3f2c7e7333f9d4b87af43c0dfa59baf3) Importer(815301076,1909f56bfc062723c751e8b465ee728b)
Start importing Assets/Scripts/PlayerScripts/PlayerParticles.cs using Guid(3f2c7e7333f9d4b87af43c0dfa59baf3) Importer(815301076,1909f56bfc062723c751e8b465ee728b)  -> (artifact id: 'ae93e02ae93a6bf31a4ee5630633979f') in 0.001965 seconds 
========================================================================
Received Prepare
Registering precompiled user dll's ...
Registered in 0.009915 seconds.
Begin MonoManager ReloadAssembly
Fallback handler could not load library /Applications/Unity/Hub/Editor/2021.1.17f1/Unity.app/Contents/Frameworks/Mono/lib/libAssets/Plugins/FMOD/lib/mac/fmodstudioL.bundle/Contents/MacOS/fmodstudioL
Fallback handler could not load library /Applications/Unity/Hub/Editor/2021.1.17f1/Unity.app/Contents/Frameworks/Mono/lib/libAssets/Plugins/FMOD/lib/mac/fmodstudioL.bundle/Contents/MacOS/fmodstudioL.dylib
Fallback handler could not load library /Applications/Unity/Hub/Editor/2021.1.17f1/Unity.app/Contents/Frameworks/Mono/lib/libAssets/Plugins/FMOD/lib/mac/fmodstudioL.bundle/Contents/MacOS/fmodstudioL.so
Fallback handler could not load library /Applications/Unity/Hub/Editor/2021.1.17f1/Unity.app/Contents/Frameworks/Mono/lib/libAssets/Plugins/FMOD/lib/mac/fmodstudioL.bundle/Contents/MacOS/fmodstudioL.bundle
Symbol file LoadedFromMemory doesn't match image /Users/teacher/Documents/GitHub/2DPlatformer_Tavle_Base/Library/PackageCache/com.unity.visualscripting@1.6.1/Editor/VisualScripting.Core/Dependencies/DotNetZip/Unity.VisualScripting.IonicZip.dll
Symbol file LoadedFromMemory doesn't match image /Users/teacher/Documents/GitHub/2DPlatformer_Tavle_Base/Library/PackageCache/com.unity.visualscripting@1.6.1/Editor/VisualScripting.Core/Dependencies/YamlDotNet/Unity.VisualScripting.YamlDotNet.dll
Native extension for WindowsStandalone target not found
Native extension for OSXStandalone target not found
Native extension for WebGL target not found
Refreshing native plugins compatible for Editor in 2.17 ms, found 5 plugins.
Preloading 0 native plugins for Editor in 0.00 ms.
Mono: successfully reloaded assembly
- Completed reload, in  1.997 seconds
Domain Reload Profiling:
	ReloadAssembly (1998ms)
		BeginReloadAssembly (213ms)
			ExecutionOrderSort (0ms)
			DisableScriptedObjects (9ms)
			BackupInstance (0ms)
			ReleaseScriptingObjects (0ms)
			CreateAndSetChildDomain (109ms)
		EndReloadAssembly (1713ms)
			LoadAssemblies (97ms)
			RebuildTransferFunctionScriptingTraits (1ms)
			SetupTypeCache (722ms)
			ReleaseScriptCaches (3ms)
			RebuildScriptCaches (97ms)
			SetupLoadedEditorAssemblies (566ms)
				LogAssemblyErrors (0ms)
				InitializePlatformSupportModulesInManaged (7ms)
				SetLoadedEditorAssemblies (1ms)
				RefreshPlugins (2ms)
				BeforeProcessingInitializeOnLoad (88ms)
				ProcessInitializeOnLoadAttributes (454ms)
				ProcessInitializeOnLoadMethodAttributes (13ms)
				AfterProcessingInitializeOnLoad (1ms)
				EditorAssembliesLoaded (0ms)
			ExecutionOrderSort2 (0ms)
			AwakeInstancesAfterBackupRestoration (19ms)
Platform modules already initialized, skipping
Refreshing native plugins compatible for Editor in 1.71 ms, found 5 plugins.
Preloading 0 native plugins for Editor in 0.00 ms.
Unloading 5298 Unused Serialized files (Serialized files now loaded: 0)
System memory in use before: 350.8 MB.
System memory in use after: 351.3 MB.

Unloading 77 unused Assets to reduce memory usage. Loaded Objects now: 5861.
Total: 7.005277 ms (FindLiveObjects: 0.782255 ms CreateObjectMapping: 0.634756 ms MarkObjects: 5.534712 ms  DeleteObjects: 0.051592 ms)

AssetImportParameters requested are different than current active one (requested -> active):
  custom:video-decoder-ogg-theora: a1e56fd34408186e4bbccfd4996cb3dc -> 
  custom:container-muxer-webm: aa71ff27fc2769a1b78a27578f13a17b -> 
  custom:container-demuxer-webm: 4f35f7cbe854078d1ac9338744f61a02 -> 
  custom:container-demuxer-ogg: 62fdf1f143b41e24485cea50d1cbac27 -> 
  custom:video-encoder-webm-vp8: eb34c28f22e8b96e1ab97ce403110664 -> 
  custom:framework-osx-AVFoundation: e770b220cccbd017edd2c1fefb359320 -> 
  custom:video-decoder-webm-vp8: 9c59270c3fd7afecdb556c50c9e8de78 -> 
  custom:audio-decoder-ogg-vorbis: bf7c407c2cedff20999df2af8eb42d56 -> 
  custom:audio-encoder-webm-vorbis: bf7c407c2cedff20999df2af8eb42d56 -> 
